2023/05/10 23:10:04 [notice] 1#1: using the "epoll" event method
2023/05/10 23:10:04 [notice] 1#1: nginx/1.23.4
2023/05/10 23:10:04 [notice] 1#1: built by gcc 12.2.1 20220924 (Alpine 12.2.1_git20220924-r4) 
2023/05/10 23:10:04 [notice] 1#1: OS: Linux 5.14.0-162.6.1.el9_1.0.1.x86_64
2023/05/10 23:10:04 [notice] 1#1: getrlimit(RLIMIT_NOFILE): 1073741816:1073741816
2023/05/10 23:10:04 [notice] 1#1: start worker processes
2023/05/10 23:10:04 [notice] 1#1: start worker process 30
2023/05/10 23:11:55 [error] 30#30: *3 open() "/usr/share/nginx/html/data/check.txt" failed (2: No such file or directory), client: 216.146.25.63, server: localhost, request: "GET http://docip.oss-cn-hangzhou.aliyuncs.com/data/check.txt HTTP/1.1", host: "docip.oss-cn-hangzhou.aliyuncs.com"
2023/05/10 23:18:40 [notice] 1#1: signal 3 (SIGQUIT) received, shutting down
2023/05/10 23:18:40 [notice] 30#30: gracefully shutting down
2023/05/10 23:18:40 [notice] 30#30: exiting
2023/05/10 23:18:40 [notice] 30#30: exit
2023/05/10 23:18:41 [notice] 1#1: signal 17 (SIGCHLD) received from 30
2023/05/10 23:18:41 [notice] 1#1: worker process 30 exited with code 0
2023/05/10 23:18:41 [notice] 1#1: exit
2023/05/10 23:18:46 [notice] 1#1: using the "epoll" event method
2023/05/10 23:18:46 [notice] 1#1: nginx/1.23.4
2023/05/10 23:18:46 [notice] 1#1: built by gcc 12.2.1 20220924 (Alpine 12.2.1_git20220924-r4) 
2023/05/10 23:18:46 [notice] 1#1: OS: Linux 5.14.0-162.6.1.el9_1.0.1.x86_64
2023/05/10 23:18:46 [notice] 1#1: getrlimit(RLIMIT_NOFILE): 1073741816:1073741816
2023/05/10 23:18:46 [notice] 1#1: start worker processes
2023/05/10 23:18:46 [notice] 1#1: start worker process 20
2023/05/10 23:20:12 [notice] 1#1: signal 3 (SIGQUIT) received, shutting down
2023/05/10 23:20:12 [notice] 20#20: gracefully shutting down
2023/05/10 23:20:17 [notice] 20#20: exiting
2023/05/10 23:20:17 [notice] 20#20: exit
2023/05/10 23:20:17 [notice] 1#1: signal 17 (SIGCHLD) received from 20
2023/05/10 23:20:17 [notice] 1#1: worker process 20 exited with code 0
2023/05/10 23:20:17 [notice] 1#1: exit
2023/05/10 23:20:25 [notice] 1#1: using the "epoll" event method
2023/05/10 23:20:25 [notice] 1#1: nginx/1.23.4
2023/05/10 23:20:25 [notice] 1#1: built by gcc 12.2.1 20220924 (Alpine 12.2.1_git20220924-r4) 
2023/05/10 23:20:25 [notice] 1#1: OS: Linux 5.14.0-162.6.1.el9_1.0.1.x86_64
2023/05/10 23:20:25 [notice] 1#1: getrlimit(RLIMIT_NOFILE): 1073741816:1073741816
2023/05/10 23:20:25 [notice] 1#1: start worker processes
2023/05/10 23:20:25 [notice] 1#1: start worker process 30
2023/05/10 23:33:34 [notice] 1#1: signal 3 (SIGQUIT) received, shutting down
2023/05/10 23:33:34 [notice] 30#30: gracefully shutting down
2023/05/10 23:33:34 [notice] 30#30: exiting
2023/05/10 23:33:34 [notice] 30#30: exit
2023/05/10 23:33:34 [notice] 1#1: signal 17 (SIGCHLD) received from 30
2023/05/10 23:33:34 [notice] 1#1: worker process 30 exited with code 0
2023/05/10 23:33:34 [notice] 1#1: exit
2023/05/10 23:33:40 [notice] 1#1: using the "epoll" event method
2023/05/10 23:33:40 [notice] 1#1: nginx/1.23.4
2023/05/10 23:33:40 [notice] 1#1: built by gcc 12.2.1 20220924 (Alpine 12.2.1_git20220924-r4) 
2023/05/10 23:33:40 [notice] 1#1: OS: Linux 5.14.0-162.6.1.el9_1.0.1.x86_64
2023/05/10 23:33:40 [notice] 1#1: getrlimit(RLIMIT_NOFILE): 1073741816:1073741816
2023/05/10 23:33:40 [notice] 1#1: start worker processes
2023/05/10 23:33:40 [notice] 1#1: start worker process 19
2023/05/11 00:12:58 [error] 19#19: *8 open() "/var/www/html/data/check.txt" failed (2: No such file or directory), client: 216.146.25.63, server: , request: "GET http://docip.oss-cn-hangzhou.aliyuncs.com/data/check.txt HTTP/1.1", host: "docip.oss-cn-hangzhou.aliyuncs.com"
2023/05/11 01:14:41 [error] 19#19: *15 open() "/var/www/html/data/check.txt" failed (2: No such file or directory), client: 216.146.25.63, server: , request: "GET http://docip.oss-cn-hangzhou.aliyuncs.com/data/check.txt HTTP/1.1", host: "docip.oss-cn-hangzhou.aliyuncs.com"
2023/05/11 02:17:42 [error] 19#19: *23 open() "/var/www/html/data/check.txt" failed (2: No such file or directory), client: 216.146.25.63, server: , request: "GET http://docip.oss-cn-hangzhou.aliyuncs.com/data/check.txt HTTP/1.1", host: "docip.oss-cn-hangzhou.aliyuncs.com"
2023/05/11 02:35:26 [error] 19#19: *29 open() "/var/www/html/Main_Login.asp" failed (2: No such file or directory), client: 166.0.94.75, server: , request: "GET /Main_Login.asp HTTP/1.1", host: "139.144.54.232:8080", referrer: "http://139.144.54.232:8080/"
2023/05/11 02:35:27 [error] 19#19: *30 open() "/var/www/html/Main_Login.asp" failed (2: No such file or directory), client: 166.0.94.75, server: , request: "GET /Main_Login.asp HTTP/1.1", host: "139.144.54.232:8080", referrer: "http://139.144.54.232:8080/"
2023/05/11 03:06:26 [notice] 1#1: signal 3 (SIGQUIT) received, shutting down
2023/05/11 03:06:26 [notice] 19#19: gracefully shutting down
2023/05/11 03:06:26 [notice] 19#19: exiting
2023/05/11 03:06:26 [notice] 19#19: exit
2023/05/11 03:06:26 [notice] 1#1: signal 17 (SIGCHLD) received from 19
2023/05/11 03:06:26 [notice] 1#1: worker process 19 exited with code 0
2023/05/11 03:06:26 [notice] 1#1: exit
2023/05/11 03:13:46 [notice] 1#1: using the "epoll" event method
2023/05/11 03:13:46 [notice] 1#1: nginx/1.23.4
2023/05/11 03:13:46 [notice] 1#1: built by gcc 12.2.1 20220924 (Alpine 12.2.1_git20220924-r4) 
2023/05/11 03:13:46 [notice] 1#1: OS: Linux 5.14.0-162.6.1.el9_1.0.1.x86_64
2023/05/11 03:13:46 [notice] 1#1: getrlimit(RLIMIT_NOFILE): 1073741816:1073741816
2023/05/11 03:13:46 [notice] 1#1: start worker processes
2023/05/11 03:13:46 [notice] 1#1: start worker process 20
2023/05/11 03:17:52 [notice] 1#1: signal 3 (SIGQUIT) received, shutting down
2023/05/11 03:17:52 [notice] 20#20: gracefully shutting down
2023/05/11 03:17:52 [notice] 20#20: exiting
2023/05/11 03:17:52 [notice] 20#20: exit
2023/05/11 03:17:52 [notice] 1#1: signal 17 (SIGCHLD) received from 20
2023/05/11 03:17:52 [notice] 1#1: worker process 20 exited with code 0
2023/05/11 03:17:52 [notice] 1#1: exit
2023/05/11 03:35:52 [notice] 1#1: using the "epoll" event method
2023/05/11 03:35:52 [notice] 1#1: nginx/1.23.4
2023/05/11 03:35:52 [notice] 1#1: built by gcc 12.2.1 20220924 (Alpine 12.2.1_git20220924-r4) 
2023/05/11 03:35:52 [notice] 1#1: OS: Linux 5.14.0-162.6.1.el9_1.0.1.x86_64
2023/05/11 03:35:52 [notice] 1#1: getrlimit(RLIMIT_NOFILE): 1073741816:1073741816
2023/05/11 03:35:52 [notice] 1#1: start worker processes
2023/05/11 03:35:52 [notice] 1#1: start worker process 20
2023/05/11 03:37:33 [error] 20#20: *1 open() "/var/www/html/favicon.ico" failed (2: No such file or directory), client: 192.168.48.1, server: , request: "GET /favicon.ico HTTP/1.1", host: "localhost:8080", referrer: "http://localhost:8080/"
2023/05/11 03:40:24 [error] 20#20: *4 open() "/var/www/html/data/check.txt" failed (2: No such file or directory), client: 216.146.25.63, server: , request: "GET http://docip.oss-cn-hangzhou.aliyuncs.com/data/check.txt HTTP/1.1", host: "docip.oss-cn-hangzhou.aliyuncs.com"
2023/05/11 03:48:18 [notice] 1#1: signal 3 (SIGQUIT) received, shutting down
2023/05/11 03:48:18 [notice] 20#20: gracefully shutting down
2023/05/11 03:48:18 [notice] 20#20: exiting
2023/05/11 03:48:18 [notice] 20#20: exit
2023/05/11 03:48:18 [notice] 1#1: signal 17 (SIGCHLD) received from 20
2023/05/11 03:48:18 [notice] 1#1: worker process 20 exited with code 0
2023/05/11 03:48:18 [notice] 1#1: exit
2023/05/11 03:49:43 [notice] 1#1: using the "epoll" event method
2023/05/11 03:49:43 [notice] 1#1: nginx/1.23.4
2023/05/11 03:49:43 [notice] 1#1: built by gcc 12.2.1 20220924 (Alpine 12.2.1_git20220924-r4) 
2023/05/11 03:49:43 [notice] 1#1: OS: Linux 5.14.0-162.6.1.el9_1.0.1.x86_64
2023/05/11 03:49:43 [notice] 1#1: getrlimit(RLIMIT_NOFILE): 1073741816:1073741816
2023/05/11 03:49:43 [notice] 1#1: start worker processes
2023/05/11 03:49:43 [notice] 1#1: start worker process 20
2023/05/11 03:51:31 [notice] 1#1: signal 3 (SIGQUIT) received, shutting down
2023/05/11 03:51:31 [notice] 20#20: gracefully shutting down
2023/05/11 03:51:31 [notice] 20#20: exiting
2023/05/11 03:51:31 [notice] 20#20: exit
2023/05/11 03:51:31 [notice] 1#1: signal 17 (SIGCHLD) received from 20
2023/05/11 03:51:31 [notice] 1#1: worker process 20 exited with code 0
2023/05/11 03:51:31 [notice] 1#1: exit
2023/05/11 03:53:43 [notice] 1#1: using the "epoll" event method
2023/05/11 03:53:43 [notice] 1#1: nginx/1.23.4
2023/05/11 03:53:43 [notice] 1#1: built by gcc 12.2.1 20220924 (Alpine 12.2.1_git20220924-r4) 
2023/05/11 03:53:43 [notice] 1#1: OS: Linux 5.14.0-162.6.1.el9_1.0.1.x86_64
2023/05/11 03:53:43 [notice] 1#1: getrlimit(RLIMIT_NOFILE): 1073741816:1073741816
2023/05/11 03:53:43 [notice] 1#1: start worker processes
2023/05/11 03:53:43 [notice] 1#1: start worker process 20
2023/05/11 04:05:18 [notice] 1#1: signal 3 (SIGQUIT) received, shutting down
2023/05/11 04:05:18 [notice] 20#20: gracefully shutting down
2023/05/11 04:05:18 [notice] 20#20: exiting
2023/05/11 04:05:18 [notice] 20#20: exit
2023/05/11 04:05:18 [notice] 1#1: signal 17 (SIGCHLD) received from 20
2023/05/11 04:05:18 [notice] 1#1: worker process 20 exited with code 0
2023/05/11 04:05:18 [notice] 1#1: exit
2023/05/11 04:06:10 [notice] 1#1: using the "epoll" event method
2023/05/11 04:06:10 [notice] 1#1: nginx/1.23.4
2023/05/11 04:06:10 [notice] 1#1: built by gcc 12.2.1 20220924 (Alpine 12.2.1_git20220924-r4) 
2023/05/11 04:06:10 [notice] 1#1: OS: Linux 5.14.0-162.6.1.el9_1.0.1.x86_64
2023/05/11 04:06:10 [notice] 1#1: getrlimit(RLIMIT_NOFILE): 1073741816:1073741816
2023/05/11 04:06:10 [notice] 1#1: start worker processes
2023/05/11 04:06:10 [notice] 1#1: start worker process 20
2023/05/11 04:14:18 [notice] 1#1: signal 3 (SIGQUIT) received, shutting down
2023/05/11 04:14:18 [notice] 20#20: gracefully shutting down
2023/05/11 04:14:18 [notice] 20#20: exiting
2023/05/11 04:14:18 [notice] 20#20: exit
2023/05/11 04:14:18 [notice] 1#1: signal 17 (SIGCHLD) received from 20
2023/05/11 04:14:18 [notice] 1#1: worker process 20 exited with code 0
2023/05/11 04:14:18 [notice] 1#1: exit
